<?xml version="1.0" encoding="UTF-8"?>
<!-- Generated by org.testng.reporters.JUnitReportReporter -->
<testsuite hostname="Dell5250" failures="0" tests="3" name="com.crm.qa.testcases.LoginPageTest" time="46.357" errors="0" timestamp="2021-02-02T15:28:56 AST" skipped="0">
  <testcase classname="com.crm.qa.testcases.LoginPageTest" name="loginPageTitleTest" time="12.636"/>
  <system-out/>
  <testcase classname="com.crm.qa.testcases.LoginPageTest" name="crmLogoImageTest" time="14.870"/>
  <system-out/>
  <testcase classname="com.crm.qa.testcases.LoginPageTest" name="loginTest" time="18.851"/>
  <system-out/>
</testsuite> <!-- com.crm.qa.testcases.LoginPageTest -->
